/home/pi/bumperbot_ws/install/bumperbot_hardware/lib/python3.10/site-packages/bumperbot_hardware/__init__.py
/home/pi/bumperbot_ws/install/bumperbot_hardware/lib/python3.10/site-packages/bumperbot_hardware/utils.py
/home/pi/bumperbot_ws/install/bumperbot_hardware/lib/python3.10/site-packages/bumperbot_hardware/odometry.py
/home/pi/bumperbot_ws/install/bumperbot_hardware/lib/python3.10/site-packages/bumperbot_hardware/motor_driver.py
/home/pi/bumperbot_ws/install/bumperbot_hardware/lib/python3.10/site-packages/bumperbot_hardware/parameters.py
/home/pi/bumperbot_ws/install/bumperbot_hardware/lib/python3.10/site-packages/bumperbot_hardware/encoder_reader.py
/home/pi/bumperbot_ws/install/bumperbot_hardware/lib/python3.10/site-packages/bumperbot_hardware/pid.py
/home/pi/bumperbot_ws/install/bumperbot_hardware/lib/python3.10/site-packages/bumperbot_hardware/__pycache__/__init__.cpython-310.pyc
/home/pi/bumperbot_ws/install/bumperbot_hardware/lib/python3.10/site-packages/bumperbot_hardware/__pycache__/utils.cpython-310.pyc
/home/pi/bumperbot_ws/install/bumperbot_hardware/lib/python3.10/site-packages/bumperbot_hardware/__pycache__/odometry.cpython-310.pyc
/home/pi/bumperbot_ws/install/bumperbot_hardware/lib/python3.10/site-packages/bumperbot_hardware/__pycache__/motor_driver.cpython-310.pyc
/home/pi/bumperbot_ws/install/bumperbot_hardware/lib/python3.10/site-packages/bumperbot_hardware/__pycache__/parameters.cpython-310.pyc
/home/pi/bumperbot_ws/install/bumperbot_hardware/lib/python3.10/site-packages/bumperbot_hardware/__pycache__/encoder_reader.cpython-310.pyc
/home/pi/bumperbot_ws/install/bumperbot_hardware/lib/python3.10/site-packages/bumperbot_hardware/__pycache__/pid.cpython-310.pyc
/home/pi/bumperbot_ws/install/bumperbot_hardware/share/ament_index/resource_index/packages/bumperbot_hardware
/home/pi/bumperbot_ws/install/bumperbot_hardware/share/bumperbot_hardware/package.xml
/home/pi/bumperbot_ws/install/bumperbot_hardware/share/bumperbot_hardware/launch/hardware.launch.py
/home/pi/bumperbot_ws/install/bumperbot_hardware/share/bumperbot_hardware/config/hardware.yaml
/home/pi/bumperbot_ws/install/bumperbot_hardware/lib/python3.10/site-packages/bumperbot_hardware-0.0.0-py3.10.egg-info/PKG-INFO
/home/pi/bumperbot_ws/install/bumperbot_hardware/lib/python3.10/site-packages/bumperbot_hardware-0.0.0-py3.10.egg-info/top_level.txt
/home/pi/bumperbot_ws/install/bumperbot_hardware/lib/python3.10/site-packages/bumperbot_hardware-0.0.0-py3.10.egg-info/SOURCES.txt
/home/pi/bumperbot_ws/install/bumperbot_hardware/lib/python3.10/site-packages/bumperbot_hardware-0.0.0-py3.10.egg-info/entry_points.txt
/home/pi/bumperbot_ws/install/bumperbot_hardware/lib/python3.10/site-packages/bumperbot_hardware-0.0.0-py3.10.egg-info/requires.txt
/home/pi/bumperbot_ws/install/bumperbot_hardware/lib/python3.10/site-packages/bumperbot_hardware-0.0.0-py3.10.egg-info/dependency_links.txt
/home/pi/bumperbot_ws/install/bumperbot_hardware/lib/python3.10/site-packages/bumperbot_hardware-0.0.0-py3.10.egg-info/zip-safe
/home/pi/bumperbot_ws/install/bumperbot_hardware/lib/bumperbot_hardware/encoder_reader
/home/pi/bumperbot_ws/install/bumperbot_hardware/lib/bumperbot_hardware/motor_driver
/home/pi/bumperbot_ws/install/bumperbot_hardware/lib/bumperbot_hardware/odometry
/home/pi/bumperbot_ws/install/bumperbot_hardware/lib/bumperbot_hardware/pid
