running egg_info
creating ../../build/bumperbot_coverage/bumperbot_coverage.egg-info
writing ../../build/bumperbot_coverage/bumperbot_coverage.egg-info/PKG-INFO
writing dependency_links to ../../build/bumperbot_coverage/bumperbot_coverage.egg-info/dependency_links.txt
writing entry points to ../../build/bumperbot_coverage/bumperbot_coverage.egg-info/entry_points.txt
writing requirements to ../../build/bumperbot_coverage/bumperbot_coverage.egg-info/requires.txt
writing top-level names to ../../build/bumperbot_coverage/bumperbot_coverage.egg-info/top_level.txt
writing manifest file '../../build/bumperbot_coverage/bumperbot_coverage.egg-info/SOURCES.txt'
reading manifest file '../../build/bumperbot_coverage/bumperbot_coverage.egg-info/SOURCES.txt'
writing manifest file '../../build/bumperbot_coverage/bumperbot_coverage.egg-info/SOURCES.txt'
running build
running build_py
creating /home/pi/bumperbot_ws/build/bumperbot_coverage/build
creating /home/pi/bumperbot_ws/build/bumperbot_coverage/build/lib
creating /home/pi/bumperbot_ws/build/bumperbot_coverage/build/lib/bumperbot_coverage
copying bumperbot_coverage/__init__.py -> /home/pi/bumperbot_ws/build/bumperbot_coverage/build/lib/bumperbot_coverage
copying bumperbot_coverage/spiral_coverage.py -> /home/pi/bumperbot_ws/build/bumperbot_coverage/build/lib/bumperbot_coverage
running install
running install_lib
creating /home/pi/bumperbot_ws/install/bumperbot_coverage/lib/python3.10/site-packages/bumperbot_coverage
copying /home/pi/bumperbot_ws/build/bumperbot_coverage/build/lib/bumperbot_coverage/__init__.py -> /home/pi/bumperbot_ws/install/bumperbot_coverage/lib/python3.10/site-packages/bumperbot_coverage
copying /home/pi/bumperbot_ws/build/bumperbot_coverage/build/lib/bumperbot_coverage/spiral_coverage.py -> /home/pi/bumperbot_ws/install/bumperbot_coverage/lib/python3.10/site-packages/bumperbot_coverage
byte-compiling /home/pi/bumperbot_ws/install/bumperbot_coverage/lib/python3.10/site-packages/bumperbot_coverage/__init__.py to __init__.cpython-310.pyc
byte-compiling /home/pi/bumperbot_ws/install/bumperbot_coverage/lib/python3.10/site-packages/bumperbot_coverage/spiral_coverage.py to spiral_coverage.cpython-310.pyc
running install_data
creating /home/pi/bumperbot_ws/install/bumperbot_coverage/share/ament_index
creating /home/pi/bumperbot_ws/install/bumperbot_coverage/share/ament_index/resource_index
creating /home/pi/bumperbot_ws/install/bumperbot_coverage/share/ament_index/resource_index/packages
copying resource/bumperbot_coverage -> /home/pi/bumperbot_ws/install/bumperbot_coverage/share/ament_index/resource_index/packages
copying package.xml -> /home/pi/bumperbot_ws/install/bumperbot_coverage/share/bumperbot_coverage
running install_egg_info
Copying ../../build/bumperbot_coverage/bumperbot_coverage.egg-info to /home/pi/bumperbot_ws/install/bumperbot_coverage/lib/python3.10/site-packages/bumperbot_coverage-0.0.0-py3.10.egg-info
running install_scripts
Installing spiral_coverage script to /home/pi/bumperbot_ws/install/bumperbot_coverage/lib/bumperbot_coverage
writing list of installed files to '/home/pi/bumperbot_ws/build/bumperbot_coverage/install.log'
