[3.722s] Invoking command in '/home/pi/bumperbot_ws/src/bumperbot_coverage': PYTHONPATH=/home/pi/bumperbot_ws/build/bumperbot_coverage/prefix_override:/usr/lib/python3/dist-packages/colcon_core/task/python/colcon_distutils_commands:/home/pi/bumperbot_ws/install/bumperbot_coverage/lib/python3.10/site-packages:${PYTHONPATH} /usr/bin/python3 -W ignore:setup.py install is deprecated -W ignore:easy_install command is deprecated setup.py egg_info --egg-base ../../build/bumperbot_coverage build --build-base /home/pi/bumperbot_ws/build/bumperbot_coverage/build install --record /home/pi/bumperbot_ws/build/bumperbot_coverage/install.log --single-version-externally-managed install_data
[4.989s] running egg_info
[4.993s] creating ../../build/bumperbot_coverage/bumperbot_coverage.egg-info
[4.993s] writing ../../build/bumperbot_coverage/bumperbot_coverage.egg-info/PKG-INFO
[4.994s] writing dependency_links to ../../build/bumperbot_coverage/bumperbot_coverage.egg-info/dependency_links.txt
[4.995s] writing entry points to ../../build/bumperbot_coverage/bumperbot_coverage.egg-info/entry_points.txt
[4.995s] writing requirements to ../../build/bumperbot_coverage/bumperbot_coverage.egg-info/requires.txt
[4.999s] writing top-level names to ../../build/bumperbot_coverage/bumperbot_coverage.egg-info/top_level.txt
[4.999s] writing manifest file '../../build/bumperbot_coverage/bumperbot_coverage.egg-info/SOURCES.txt'
[5.004s] reading manifest file '../../build/bumperbot_coverage/bumperbot_coverage.egg-info/SOURCES.txt'
[5.009s] writing manifest file '../../build/bumperbot_coverage/bumperbot_coverage.egg-info/SOURCES.txt'
[5.009s] running build
[5.010s] running build_py
[5.011s] creating /home/pi/bumperbot_ws/build/bumperbot_coverage/build
[5.011s] creating /home/pi/bumperbot_ws/build/bumperbot_coverage/build/lib
[5.012s] creating /home/pi/bumperbot_ws/build/bumperbot_coverage/build/lib/bumperbot_coverage
[5.014s] copying bumperbot_coverage/__init__.py -> /home/pi/bumperbot_ws/build/bumperbot_coverage/build/lib/bumperbot_coverage
[5.014s] copying bumperbot_coverage/spiral_coverage.py -> /home/pi/bumperbot_ws/build/bumperbot_coverage/build/lib/bumperbot_coverage
[5.017s] running install
[5.017s] running install_lib
[5.018s] creating /home/pi/bumperbot_ws/install/bumperbot_coverage/lib/python3.10/site-packages/bumperbot_coverage
[5.019s] copying /home/pi/bumperbot_ws/build/bumperbot_coverage/build/lib/bumperbot_coverage/__init__.py -> /home/pi/bumperbot_ws/install/bumperbot_coverage/lib/python3.10/site-packages/bumperbot_coverage
[5.020s] copying /home/pi/bumperbot_ws/build/bumperbot_coverage/build/lib/bumperbot_coverage/spiral_coverage.py -> /home/pi/bumperbot_ws/install/bumperbot_coverage/lib/python3.10/site-packages/bumperbot_coverage
[5.022s] byte-compiling /home/pi/bumperbot_ws/install/bumperbot_coverage/lib/python3.10/site-packages/bumperbot_coverage/__init__.py to __init__.cpython-310.pyc
[5.024s] byte-compiling /home/pi/bumperbot_ws/install/bumperbot_coverage/lib/python3.10/site-packages/bumperbot_coverage/spiral_coverage.py to spiral_coverage.cpython-310.pyc
[5.027s] running install_data
[5.028s] creating /home/pi/bumperbot_ws/install/bumperbot_coverage/share/ament_index
[5.028s] creating /home/pi/bumperbot_ws/install/bumperbot_coverage/share/ament_index/resource_index
[5.029s] creating /home/pi/bumperbot_ws/install/bumperbot_coverage/share/ament_index/resource_index/packages
[5.029s] copying resource/bumperbot_coverage -> /home/pi/bumperbot_ws/install/bumperbot_coverage/share/ament_index/resource_index/packages
[5.029s] copying package.xml -> /home/pi/bumperbot_ws/install/bumperbot_coverage/share/bumperbot_coverage
[5.030s] running install_egg_info
[5.037s] Copying ../../build/bumperbot_coverage/bumperbot_coverage.egg-info to /home/pi/bumperbot_ws/install/bumperbot_coverage/lib/python3.10/site-packages/bumperbot_coverage-0.0.0-py3.10.egg-info
[5.043s] running install_scripts
[5.122s] Installing spiral_coverage script to /home/pi/bumperbot_ws/install/bumperbot_coverage/lib/bumperbot_coverage
[5.123s] writing list of installed files to '/home/pi/bumperbot_ws/build/bumperbot_coverage/install.log'
[5.247s] Invoked command in '/home/pi/bumperbot_ws/src/bumperbot_coverage' returned '0': PYTHONPATH=/home/pi/bumperbot_ws/build/bumperbot_coverage/prefix_override:/usr/lib/python3/dist-packages/colcon_core/task/python/colcon_distutils_commands:/home/pi/bumperbot_ws/install/bumperbot_coverage/lib/python3.10/site-packages:${PYTHONPATH} /usr/bin/python3 -W ignore:setup.py install is deprecated -W ignore:easy_install command is deprecated setup.py egg_info --egg-base ../../build/bumperbot_coverage build --build-base /home/pi/bumperbot_ws/build/bumperbot_coverage/build install --record /home/pi/bumperbot_ws/build/bumperbot_coverage/install.log --single-version-externally-managed install_data
