[4.798s] Invoking command in '/home/pi/bumperbot_ws/src/bumperbot_hardware': PYTHONPATH=/home/pi/bumperbot_ws/build/bumperbot_hardware/prefix_override:/usr/lib/python3/dist-packages/colcon_core/task/python/colcon_distutils_commands:/home/pi/bumperbot_ws/install/bumperbot_hardware/lib/python3.10/site-packages:${PYTHONPATH} /usr/bin/python3 -W ignore:setup.py install is deprecated -W ignore:easy_install command is deprecated setup.py egg_info --egg-base ../../build/bumperbot_hardware build --build-base /home/pi/bumperbot_ws/build/bumperbot_hardware/build install --record /home/pi/bumperbot_ws/build/bumperbot_hardware/install.log --single-version-externally-managed install_data
[6.070s] running egg_info
[6.072s] creating ../../build/bumperbot_hardware/bumperbot_hardware.egg-info
[6.073s] writing ../../build/bumperbot_hardware/bumperbot_hardware.egg-info/PKG-INFO
[6.074s] writing dependency_links to ../../build/bumperbot_hardware/bumperbot_hardware.egg-info/dependency_links.txt
[6.075s] writing entry points to ../../build/bumperbot_hardware/bumperbot_hardware.egg-info/entry_points.txt
[6.076s] writing requirements to ../../build/bumperbot_hardware/bumperbot_hardware.egg-info/requires.txt
[6.076s] writing top-level names to ../../build/bumperbot_hardware/bumperbot_hardware.egg-info/top_level.txt
[6.077s] writing manifest file '../../build/bumperbot_hardware/bumperbot_hardware.egg-info/SOURCES.txt'
[6.085s] reading manifest file '../../build/bumperbot_hardware/bumperbot_hardware.egg-info/SOURCES.txt'
[6.088s] writing manifest file '../../build/bumperbot_hardware/bumperbot_hardware.egg-info/SOURCES.txt'
[6.089s] running build
[6.089s] running build_py
[6.091s] creating /home/pi/bumperbot_ws/build/bumperbot_hardware/build
[6.091s] creating /home/pi/bumperbot_ws/build/bumperbot_hardware/build/lib
[6.092s] creating /home/pi/bumperbot_ws/build/bumperbot_hardware/build/lib/bumperbot_hardware
[6.093s] copying bumperbot_hardware/__init__.py -> /home/pi/bumperbot_ws/build/bumperbot_hardware/build/lib/bumperbot_hardware
[6.094s] copying bumperbot_hardware/utils.py -> /home/pi/bumperbot_ws/build/bumperbot_hardware/build/lib/bumperbot_hardware
[6.094s] copying bumperbot_hardware/odometry.py -> /home/pi/bumperbot_ws/build/bumperbot_hardware/build/lib/bumperbot_hardware
[6.095s] copying bumperbot_hardware/motor_driver.py -> /home/pi/bumperbot_ws/build/bumperbot_hardware/build/lib/bumperbot_hardware
[6.095s] copying bumperbot_hardware/parameters.py -> /home/pi/bumperbot_ws/build/bumperbot_hardware/build/lib/bumperbot_hardware
[6.095s] copying bumperbot_hardware/encoder_reader.py -> /home/pi/bumperbot_ws/build/bumperbot_hardware/build/lib/bumperbot_hardware
[6.096s] copying bumperbot_hardware/pid.py -> /home/pi/bumperbot_ws/build/bumperbot_hardware/build/lib/bumperbot_hardware
[6.097s] running install
[6.099s] running install_lib
[6.103s] creating /home/pi/bumperbot_ws/install/bumperbot_hardware/lib/python3.10/site-packages/bumperbot_hardware
[6.104s] copying /home/pi/bumperbot_ws/build/bumperbot_hardware/build/lib/bumperbot_hardware/__init__.py -> /home/pi/bumperbot_ws/install/bumperbot_hardware/lib/python3.10/site-packages/bumperbot_hardware
[6.105s] copying /home/pi/bumperbot_ws/build/bumperbot_hardware/build/lib/bumperbot_hardware/utils.py -> /home/pi/bumperbot_ws/install/bumperbot_hardware/lib/python3.10/site-packages/bumperbot_hardware
[6.107s] copying /home/pi/bumperbot_ws/build/bumperbot_hardware/build/lib/bumperbot_hardware/odometry.py -> /home/pi/bumperbot_ws/install/bumperbot_hardware/lib/python3.10/site-packages/bumperbot_hardware
[6.107s] copying /home/pi/bumperbot_ws/build/bumperbot_hardware/build/lib/bumperbot_hardware/motor_driver.py -> /home/pi/bumperbot_ws/install/bumperbot_hardware/lib/python3.10/site-packages/bumperbot_hardware
[6.108s] copying /home/pi/bumperbot_ws/build/bumperbot_hardware/build/lib/bumperbot_hardware/parameters.py -> /home/pi/bumperbot_ws/install/bumperbot_hardware/lib/python3.10/site-packages/bumperbot_hardware
[6.109s] copying /home/pi/bumperbot_ws/build/bumperbot_hardware/build/lib/bumperbot_hardware/encoder_reader.py -> /home/pi/bumperbot_ws/install/bumperbot_hardware/lib/python3.10/site-packages/bumperbot_hardware
[6.109s] copying /home/pi/bumperbot_ws/build/bumperbot_hardware/build/lib/bumperbot_hardware/pid.py -> /home/pi/bumperbot_ws/install/bumperbot_hardware/lib/python3.10/site-packages/bumperbot_hardware
[6.115s] byte-compiling /home/pi/bumperbot_ws/install/bumperbot_hardware/lib/python3.10/site-packages/bumperbot_hardware/__init__.py to __init__.cpython-310.pyc
[6.115s] byte-compiling /home/pi/bumperbot_ws/install/bumperbot_hardware/lib/python3.10/site-packages/bumperbot_hardware/utils.py to utils.cpython-310.pyc
[6.116s] byte-compiling /home/pi/bumperbot_ws/install/bumperbot_hardware/lib/python3.10/site-packages/bumperbot_hardware/odometry.py to odometry.cpython-310.pyc
[6.119s] byte-compiling /home/pi/bumperbot_ws/install/bumperbot_hardware/lib/python3.10/site-packages/bumperbot_hardware/motor_driver.py to motor_driver.cpython-310.pyc
[6.123s] byte-compiling /home/pi/bumperbot_ws/install/bumperbot_hardware/lib/python3.10/site-packages/bumperbot_hardware/parameters.py to parameters.cpython-310.pyc
[6.124s] byte-compiling /home/pi/bumperbot_ws/install/bumperbot_hardware/lib/python3.10/site-packages/bumperbot_hardware/encoder_reader.py to encoder_reader.cpython-310.pyc
[6.127s] byte-compiling /home/pi/bumperbot_ws/install/bumperbot_hardware/lib/python3.10/site-packages/bumperbot_hardware/pid.py to pid.cpython-310.pyc
[6.130s] running install_data
[6.130s] creating /home/pi/bumperbot_ws/install/bumperbot_hardware/share/ament_index
[6.131s] creating /home/pi/bumperbot_ws/install/bumperbot_hardware/share/ament_index/resource_index
[6.132s] creating /home/pi/bumperbot_ws/install/bumperbot_hardware/share/ament_index/resource_index/packages
[6.132s] copying resource/bumperbot_hardware -> /home/pi/bumperbot_ws/install/bumperbot_hardware/share/ament_index/resource_index/packages
[6.133s] copying package.xml -> /home/pi/bumperbot_ws/install/bumperbot_hardware/share/bumperbot_hardware
[6.133s] creating /home/pi/bumperbot_ws/install/bumperbot_hardware/share/bumperbot_hardware/launch
[6.134s] copying launch/hardware.launch.py -> /home/pi/bumperbot_ws/install/bumperbot_hardware/share/bumperbot_hardware/launch
[6.134s] creating /home/pi/bumperbot_ws/install/bumperbot_hardware/share/bumperbot_hardware/config
[6.135s] copying config/hardware.yaml -> /home/pi/bumperbot_ws/install/bumperbot_hardware/share/bumperbot_hardware/config
[6.135s] running install_egg_info
[6.141s] Copying ../../build/bumperbot_hardware/bumperbot_hardware.egg-info to /home/pi/bumperbot_ws/install/bumperbot_hardware/lib/python3.10/site-packages/bumperbot_hardware-0.0.0-py3.10.egg-info
[6.147s] running install_scripts
[6.227s] Installing encoder_reader script to /home/pi/bumperbot_ws/install/bumperbot_hardware/lib/bumperbot_hardware
[6.228s] Installing motor_driver script to /home/pi/bumperbot_ws/install/bumperbot_hardware/lib/bumperbot_hardware
[6.228s] Installing odometry script to /home/pi/bumperbot_ws/install/bumperbot_hardware/lib/bumperbot_hardware
[6.229s] Installing pid script to /home/pi/bumperbot_ws/install/bumperbot_hardware/lib/bumperbot_hardware
[6.231s] writing list of installed files to '/home/pi/bumperbot_ws/build/bumperbot_hardware/install.log'
[6.356s] Invoked command in '/home/pi/bumperbot_ws/src/bumperbot_hardware' returned '0': PYTHONPATH=/home/pi/bumperbot_ws/build/bumperbot_hardware/prefix_override:/usr/lib/python3/dist-packages/colcon_core/task/python/colcon_distutils_commands:/home/pi/bumperbot_ws/install/bumperbot_hardware/lib/python3.10/site-packages:${PYTHONPATH} /usr/bin/python3 -W ignore:setup.py install is deprecated -W ignore:easy_install command is deprecated setup.py egg_info --egg-base ../../build/bumperbot_hardware build --build-base /home/pi/bumperbot_ws/build/bumperbot_hardware/build install --record /home/pi/bumperbot_ws/build/bumperbot_hardware/install.log --single-version-externally-managed install_data
